Started by an SCM change
Checkout:junit-test / /var/lib/jenkins/workspace/junit-test - hudson.remoting.LocalChannel@15ba1ef
Using strategy: Default
Checkout:junit-test / /var/lib/jenkins/workspace/junit-test - hudson.remoting.LocalChannel@15ba1ef
Fetching changes from 1 remote Git repository
Fetching upstream changes from https://git-wip-us.apache.org/repos/asf/incubator-cloudstack.git
Commencing build of Revision 54203f08adbc66dc171ad382c66f2e8dae885c1e (origin/master)
Checking out Revision 54203f08adbc66dc171ad382c66f2e8dae885c1e (origin/master)
No change to record in branch origin/master
[junit-test] $ ant unittest
Buildfile: /var/lib/jenkins/workspace/junit-test/build.xml
     [echo] Using build parameters from /var/lib/jenkins/workspace/junit-test/build/build-cloud.properties
     [echo] Using company info from /var/lib/jenkins/workspace/junit-test/build/cloud.properties
     [echo] Using override file from /var/lib/jenkins/workspace/junit-test/build/replace.properties
     [echo] Using build parameters from /var/lib/jenkins/workspace/junit-test/build/build-cloud.properties
     [echo] Using company info from /var/lib/jenkins/workspace/junit-test/build/cloud.properties
     [echo] Using override file from /var/lib/jenkins/workspace/junit-test/build/replace.properties
     [echo] deploy home: /var/lib/jenkins/workspace/junit-test/build/deploy

[8mha:AAAAYB+LCAAAAAAAAABb85aBtbiIQT6jNKU4P0+vJLE4u1gvPjGvRM8xryQksSg9tcQvvyTVvqNr/s+Vl9uYGBgqihikoKqT8/OK83NS9ZwhNEghAwQwghQWAADROOumXQAAAA==[0m-init:
     [echo] builder: jenkins at domU-12-31-39-15-22-2D, on 2012-07-06T16:26:25Z
     [echo] Build number is 3.0.3.2012-07-06T16:26:25Z

[8mha:AAAAYB+LCAAAAAAAAABb85aBtbiIQT6jNKU4P0+vJLE4u1gvPjGvRM8xryQksSg9tcQvvyTVvqNr/s+Vl9uYGBgqihikoKqT8/OK83NS9ZwhNEghAwQwghQWAADROOumXQAAAA==[0mcompile-utils:
     [echo] Compiling /var/lib/jenkins/workspace/junit-test/utils/src
      [jar] Updating jar: /var/lib/jenkins/workspace/junit-test/target/jar/cloud-utils.jar

[8mha:AAAAYB+LCAAAAAAAAABb85aBtbiIQT6jNKU4P0+vJLE4u1gvPjGvRM8xryQksSg9tcQvvyTVvqNr/s+Vl9uYGBgqihikoKqT8/OK83NS9ZwhNEghAwQwghQWAADROOumXQAAAA==[0mcompile-api:
     [echo] Compiling /var/lib/jenkins/workspace/junit-test/api/src
      [jar] Updating jar: /var/lib/jenkins/workspace/junit-test/target/jar/cloud-api.jar

[8mha:AAAAYB+LCAAAAAAAAABb85aBtbiIQT6jNKU4P0+vJLE4u1gvPjGvRM8xryQksSg9tcQvvyTVvqNr/s+Vl9uYGBgqihikoKqT8/OK83NS9ZwhNEghAwQwghQWAADROOumXQAAAA==[0mcompile-vmware-base:
     [echo] Compiling /var/lib/jenkins/workspace/junit-test/vmware-base/src
      [jar] Updating jar: /var/lib/jenkins/workspace/junit-test/target/jar/cloud-vmware-base.jar

[8mha:AAAAYB+LCAAAAAAAAABb85aBtbiIQT6jNKU4P0+vJLE4u1gvPjGvRM8xryQksSg9tcQvvyTVvqNr/s+Vl9uYGBgqihikoKqT8/OK83NS9ZwhNEghAwQwghQWAADROOumXQAAAA==[0mcompile-core:
     [echo] Compiling /var/lib/jenkins/workspace/junit-test/core/src
      [jar] Updating jar: /var/lib/jenkins/workspace/junit-test/target/jar/cloud-core.jar

[8mha:AAAAYB+LCAAAAAAAAABb85aBtbiIQT6jNKU4P0+vJLE4u1gvPjGvRM8xryQksSg9tcQvvyTVvqNr/s+Vl9uYGBgqihikoKqT8/OK83NS9ZwhNEghAwQwghQWAADROOumXQAAAA==[0mcompile-agent:
     [echo] Compiling /var/lib/jenkins/workspace/junit-test/agent/src
      [jar] Updating jar: /var/lib/jenkins/workspace/junit-test/target/jar/cloud-agent.jar

[8mha:AAAAYB+LCAAAAAAAAABb85aBtbiIQT6jNKU4P0+vJLE4u1gvPjGvRM8xryQksSg9tcQvvyTVvqNr/s+Vl9uYGBgqihikoKqT8/OK83NS9ZwhNEghAwQwghQWAADROOumXQAAAA==[0mcompile-server:
     [echo] Compiling /var/lib/jenkins/workspace/junit-test/server/src
      [jar] Updating jar: /var/lib/jenkins/workspace/junit-test/target/jar/cloud-server.jar

[8mha:AAAAYB+LCAAAAAAAAABb85aBtbiIQT6jNKU4P0+vJLE4u1gvPjGvRM8xryQksSg9tcQvvyTVvqNr/s+Vl9uYGBgqihikoKqT8/OK83NS9ZwhNEghAwQwghQWAADROOumXQAAAA==[0mcompile-ovm:
     [echo] build.dir=/var/lib/jenkins/workspace/junit-test/build; top.dir=/var/lib/jenkins/workspace/junit-test; ovm.base.dir=/var/lib/jenkins/workspace/junit-test/plugins/hypervisors/ovm
     [echo] Using build parameters from /var/lib/jenkins/workspace/junit-test/build/build-cloud.properties
     [echo] Using company info from /var/lib/jenkins/workspace/junit-test/build/cloud.properties
     [echo] Using override file from /var/lib/jenkins/workspace/junit-test/build/replace.properties
     [echo] target.dir=/var/lib/jenkins/workspace/junit-test/target; top.dir=/var/lib/jenkins/workspace/junit-test
     [echo] target.dir=/var/lib/jenkins/workspace/junit-test/target; top.dir=/var/lib/jenkins/workspace/junit-test

[8mha:AAAAYB+LCAAAAAAAAABb85aBtbiIQT6jNKU4P0+vJLE4u1gvPjGvRM8xryQksSg9tcQvvyTVvqNr/s+Vl9uYGBgqihikoKqT8/OK83NS9ZwhNEghAwQwghQWAADROOumXQAAAA==[0minit:

[8mha:AAAAYB+LCAAAAAAAAABb85aBtbiIQT6jNKU4P0+vJLE4u1gvPjGvRM8xryQksSg9tcQvvyTVvqNr/s+Vl9uYGBgqihikoKqT8/OK83NS9ZwhNEghAwQwghQWAADROOumXQAAAA==[0mcompile-ovm:
     [echo] Compiling /var/lib/jenkins/workspace/junit-test/plugins/hypervisors/ovm/src
      [jar] Updating jar: /var/lib/jenkins/workspace/junit-test/target/jar/cloud-ovm.jar

[8mha:AAAAYB+LCAAAAAAAAABb85aBtbiIQT6jNKU4P0+vJLE4u1gvPjGvRM8xryQksSg9tcQvvyTVvqNr/s+Vl9uYGBgqihikoKqT8/OK83NS9ZwhNEghAwQwghQWAADROOumXQAAAA==[0mbuild:

[8mha:AAAAYB+LCAAAAAAAAABb85aBtbiIQT6jNKU4P0+vJLE4u1gvPjGvRM8xryQksSg9tcQvvyTVvqNr/s+Vl9uYGBgqihikoKqT8/OK83NS9ZwhNEghAwQwghQWAADROOumXQAAAA==[0mcompile-ovs:
     [echo] build.dir=/var/lib/jenkins/workspace/junit-test/build; top.dir=/var/lib/jenkins/workspace/junit-test; ovs.base.dir=/var/lib/jenkins/workspace/junit-test/plugins/network-elements/ovs
     [echo] Using build parameters from /var/lib/jenkins/workspace/junit-test/build/build-cloud.properties
     [echo] Using company info from /var/lib/jenkins/workspace/junit-test/build/cloud.properties
     [echo] Using override file from /var/lib/jenkins/workspace/junit-test/build/replace.properties
     [echo] target.dir=/var/lib/jenkins/workspace/junit-test/target; top.dir=/var/lib/jenkins/workspace/junit-test
     [echo] target.dir=/var/lib/jenkins/workspace/junit-test/target; top.dir=/var/lib/jenkins/workspace/junit-test

[8mha:AAAAYB+LCAAAAAAAAABb85aBtbiIQT6jNKU4P0+vJLE4u1gvPjGvRM8xryQksSg9tcQvvyTVvqNr/s+Vl9uYGBgqihikoKqT8/OK83NS9ZwhNEghAwQwghQWAADROOumXQAAAA==[0minit:

[8mha:AAAAYB+LCAAAAAAAAABb85aBtbiIQT6jNKU4P0+vJLE4u1gvPjGvRM8xryQksSg9tcQvvyTVvqNr/s+Vl9uYGBgqihikoKqT8/OK83NS9ZwhNEghAwQwghQWAADROOumXQAAAA==[0mcompile-ovs:
     [echo] Compiling /var/lib/jenkins/workspace/junit-test/plugins/network-elements/ovs/src
      [jar] Updating jar: /var/lib/jenkins/workspace/junit-test/target/jar/cloud-plugin-ovs.jar

[8mha:AAAAYB+LCAAAAAAAAABb85aBtbiIQT6jNKU4P0+vJLE4u1gvPjGvRM8xryQksSg9tcQvvyTVvqNr/s+Vl9uYGBgqihikoKqT8/OK83NS9ZwhNEghAwQwghQWAADROOumXQAAAA==[0mbuild:

[8mha:AAAAYB+LCAAAAAAAAABb85aBtbiIQT6jNKU4P0+vJLE4u1gvPjGvRM8xryQksSg9tcQvvyTVvqNr/s+Vl9uYGBgqihikoKqT8/OK83NS9ZwhNEghAwQwghQWAADROOumXQAAAA==[0mcompile-xen:
     [echo] build.dir=/var/lib/jenkins/workspace/junit-test/build; top.dir=/var/lib/jenkins/workspace/junit-test; xen.base.dir=/var/lib/jenkins/workspace/junit-test/plugins/hypervisors/xen
     [echo] Using build parameters from /var/lib/jenkins/workspace/junit-test/build/build-cloud.properties
     [echo] Using company info from /var/lib/jenkins/workspace/junit-test/build/cloud.properties
     [echo] Using override file from /var/lib/jenkins/workspace/junit-test/build/replace.properties
     [echo] target.dir=/var/lib/jenkins/workspace/junit-test/target; top.dir=/var/lib/jenkins/workspace/junit-test
     [echo] target.dir=/var/lib/jenkins/workspace/junit-test/target; top.dir=/var/lib/jenkins/workspace/junit-test

[8mha:AAAAYB+LCAAAAAAAAABb85aBtbiIQT6jNKU4P0+vJLE4u1gvPjGvRM8xryQksSg9tcQvvyTVvqNr/s+Vl9uYGBgqihikoKqT8/OK83NS9ZwhNEghAwQwghQWAADROOumXQAAAA==[0minit:

[8mha:AAAAYB+LCAAAAAAAAABb85aBtbiIQT6jNKU4P0+vJLE4u1gvPjGvRM8xryQksSg9tcQvvyTVvqNr/s+Vl9uYGBgqihikoKqT8/OK83NS9ZwhNEghAwQwghQWAADROOumXQAAAA==[0mcompile-xen:
     [echo] Compiling /var/lib/jenkins/workspace/junit-test/plugins/hypervisors/xen/src
      [jar] Updating jar: /var/lib/jenkins/workspace/junit-test/target/jar/cloud-xen.jar

[8mha:AAAAYB+LCAAAAAAAAABb85aBtbiIQT6jNKU4P0+vJLE4u1gvPjGvRM8xryQksSg9tcQvvyTVvqNr/s+Vl9uYGBgqihikoKqT8/OK83NS9ZwhNEghAwQwghQWAADROOumXQAAAA==[0mbuild:

[8mha:AAAAYB+LCAAAAAAAAABb85aBtbiIQT6jNKU4P0+vJLE4u1gvPjGvRM8xryQksSg9tcQvvyTVvqNr/s+Vl9uYGBgqihikoKqT8/OK83NS9ZwhNEghAwQwghQWAADROOumXQAAAA==[0mcompile-vmware:
     [echo] build.dir=/var/lib/jenkins/workspace/junit-test/build; top.dir=/var/lib/jenkins/workspace/junit-test; vmware.base.dir=/var/lib/jenkins/workspace/junit-test/plugins/hypervisors/vmware
     [echo] Using build parameters from /var/lib/jenkins/workspace/junit-test/build/build-cloud.properties
     [echo] Using company info from /var/lib/jenkins/workspace/junit-test/build/cloud.properties
     [echo] Using override file from /var/lib/jenkins/workspace/junit-test/build/replace.properties
     [echo] target.dir=/var/lib/jenkins/workspace/junit-test/target; top.dir=/var/lib/jenkins/workspace/junit-test
     [echo] target.dir=/var/lib/jenkins/workspace/junit-test/target; top.dir=/var/lib/jenkins/workspace/junit-test

[8mha:AAAAYB+LCAAAAAAAAABb85aBtbiIQT6jNKU4P0+vJLE4u1gvPjGvRM8xryQksSg9tcQvvyTVvqNr/s+Vl9uYGBgqihikoKqT8/OK83NS9ZwhNEghAwQwghQWAADROOumXQAAAA==[0minit:

[8mha:AAAAYB+LCAAAAAAAAABb85aBtbiIQT6jNKU4P0+vJLE4u1gvPjGvRM8xryQksSg9tcQvvyTVvqNr/s+Vl9uYGBgqihikoKqT8/OK83NS9ZwhNEghAwQwghQWAADROOumXQAAAA==[0mcompile-vmware:
     [echo] Compiling /var/lib/jenkins/workspace/junit-test/plugins/hypervisors/vmware/src
      [jar] Updating jar: /var/lib/jenkins/workspace/junit-test/target/jar/cloud-vmware.jar

[8mha:AAAAYB+LCAAAAAAAAABb85aBtbiIQT6jNKU4P0+vJLE4u1gvPjGvRM8xryQksSg9tcQvvyTVvqNr/s+Vl9uYGBgqihikoKqT8/OK83NS9ZwhNEghAwQwghQWAADROOumXQAAAA==[0mbuild:

[8mha:AAAAYB+LCAAAAAAAAABb85aBtbiIQT6jNKU4P0+vJLE4u1gvPjGvRM8xryQksSg9tcQvvyTVvqNr/s+Vl9uYGBgqihikoKqT8/OK83NS9ZwhNEghAwQwghQWAADROOumXQAAAA==[0mcompile-hypervisors:

[8mha:AAAAYB+LCAAAAAAAAABb85aBtbiIQT6jNKU4P0+vJLE4u1gvPjGvRM8xryQksSg9tcQvvyTVvqNr/s+Vl9uYGBgqihikoKqT8/OK83NS9ZwhNEghAwQwghQWAADROOumXQAAAA==[0mcompile-dp-user-dispersing:
     [echo] build.dir=/var/lib/jenkins/workspace/junit-test/build; top.dir=/var/lib/jenkins/workspace/junit-test; dp-user-dispersing.base.dir=/var/lib/jenkins/workspace/junit-test/plugins/deployment-planners/user-dispersing
     [echo] Using build parameters from /var/lib/jenkins/workspace/junit-test/build/build-cloud.properties
     [echo] Using company info from /var/lib/jenkins/workspace/junit-test/build/cloud.properties
     [echo] Using override file from /var/lib/jenkins/workspace/junit-test/build/replace.properties
     [echo] target.dir=/var/lib/jenkins/workspace/junit-test/target; top.dir=/var/lib/jenkins/workspace/junit-test
     [echo] target.dir=/var/lib/jenkins/workspace/junit-test/target; top.dir=/var/lib/jenkins/workspace/junit-test

[8mha:AAAAYB+LCAAAAAAAAABb85aBtbiIQT6jNKU4P0+vJLE4u1gvPjGvRM8xryQksSg9tcQvvyTVvqNr/s+Vl9uYGBgqihikoKqT8/OK83NS9ZwhNEghAwQwghQWAADROOumXQAAAA==[0minit:

[8mha:AAAAYB+LCAAAAAAAAABb85aBtbiIQT6jNKU4P0+vJLE4u1gvPjGvRM8xryQksSg9tcQvvyTVvqNr/s+Vl9uYGBgqihikoKqT8/OK83NS9ZwhNEghAwQwghQWAADROOumXQAAAA==[0mcompile-dp-user-dispersing:
     [echo] Compiling /var/lib/jenkins/workspace/junit-test/plugins/deployment-planners/user-dispersing/src
      [jar] Updating jar: /var/lib/jenkins/workspace/junit-test/target/jar/cloud-dp-user-dispersing.jar

[8mha:AAAAYB+LCAAAAAAAAABb85aBtbiIQT6jNKU4P0+vJLE4u1gvPjGvRM8xryQksSg9tcQvvyTVvqNr/s+Vl9uYGBgqihikoKqT8/OK83NS9ZwhNEghAwQwghQWAADROOumXQAAAA==[0mbuild:

[8mha:AAAAYB+LCAAAAAAAAABb85aBtbiIQT6jNKU4P0+vJLE4u1gvPjGvRM8xryQksSg9tcQvvyTVvqNr/s+Vl9uYGBgqihikoKqT8/OK83NS9ZwhNEghAwQwghQWAADROOumXQAAAA==[0mcompile-dp-user-concentrated-pod:
     [echo] build.dir=/var/lib/jenkins/workspace/junit-test/build; top.dir=/var/lib/jenkins/workspace/junit-test; dp-user-concentrated-pod.base.dir=/var/lib/jenkins/workspace/junit-test/plugins/deployment-planners/user-concentrated-pod
     [echo] Using build parameters from /var/lib/jenkins/workspace/junit-test/build/build-cloud.properties
     [echo] Using company info from /var/lib/jenkins/workspace/junit-test/build/cloud.properties
     [echo] Using override file from /var/lib/jenkins/workspace/junit-test/build/replace.properties
     [echo] target.dir=/var/lib/jenkins/workspace/junit-test/target; top.dir=/var/lib/jenkins/workspace/junit-test
     [echo] target.dir=/var/lib/jenkins/workspace/junit-test/target; top.dir=/var/lib/jenkins/workspace/junit-test

[8mha:AAAAYB+LCAAAAAAAAABb85aBtbiIQT6jNKU4P0+vJLE4u1gvPjGvRM8xryQksSg9tcQvvyTVvqNr/s+Vl9uYGBgqihikoKqT8/OK83NS9ZwhNEghAwQwghQWAADROOumXQAAAA==[0minit:

[8mha:AAAAYB+LCAAAAAAAAABb85aBtbiIQT6jNKU4P0+vJLE4u1gvPjGvRM8xryQksSg9tcQvvyTVvqNr/s+Vl9uYGBgqihikoKqT8/OK83NS9ZwhNEghAwQwghQWAADROOumXQAAAA==[0mcompile-dp-user-concentrated-pod:
     [echo] Compiling /var/lib/jenkins/workspace/junit-test/plugins/deployment-planners/user-concentrated-pod/src
      [jar] Updating jar: /var/lib/jenkins/workspace/junit-test/target/jar/cloud-dp-user-concentrated-pod.jar

[8mha:AAAAYB+LCAAAAAAAAABb85aBtbiIQT6jNKU4P0+vJLE4u1gvPjGvRM8xryQksSg9tcQvvyTVvqNr/s+Vl9uYGBgqihikoKqT8/OK83NS9ZwhNEghAwQwghQWAADROOumXQAAAA==[0mbuild:

[8mha:AAAAYB+LCAAAAAAAAABb85aBtbiIQT6jNKU4P0+vJLE4u1gvPjGvRM8xryQksSg9tcQvvyTVvqNr/s+Vl9uYGBgqihikoKqT8/OK83NS9ZwhNEghAwQwghQWAADROOumXQAAAA==[0mcompile-deployment-planners:

[8mha:AAAAYB+LCAAAAAAAAABb85aBtbiIQT6jNKU4P0+vJLE4u1gvPjGvRM8xryQksSg9tcQvvyTVvqNr/s+Vl9uYGBgqihikoKqT8/OK83NS9ZwhNEghAwQwghQWAADROOumXQAAAA==[0mcompile-host-allocator-random:
     [echo] build.dir=/var/lib/jenkins/workspace/junit-test/build; top.dir=/var/lib/jenkins/workspace/junit-test; host-allocator-random.base.dir=/var/lib/jenkins/workspace/junit-test/plugins/host-allocators/random
     [echo] Using build parameters from /var/lib/jenkins/workspace/junit-test/build/build-cloud.properties
     [echo] Using company info from /var/lib/jenkins/workspace/junit-test/build/cloud.properties
     [echo] Using override file from /var/lib/jenkins/workspace/junit-test/build/replace.properties
     [echo] target.dir=/var/lib/jenkins/workspace/junit-test/target; top.dir=/var/lib/jenkins/workspace/junit-test
     [echo] target.dir=/var/lib/jenkins/workspace/junit-test/target; top.dir=/var/lib/jenkins/workspace/junit-test

[8mha:AAAAYB+LCAAAAAAAAABb85aBtbiIQT6jNKU4P0+vJLE4u1gvPjGvRM8xryQksSg9tcQvvyTVvqNr/s+Vl9uYGBgqihikoKqT8/OK83NS9ZwhNEghAwQwghQWAADROOumXQAAAA==[0minit:

[8mha:AAAAYB+LCAAAAAAAAABb85aBtbiIQT6jNKU4P0+vJLE4u1gvPjGvRM8xryQksSg9tcQvvyTVvqNr/s+Vl9uYGBgqihikoKqT8/OK83NS9ZwhNEghAwQwghQWAADROOumXQAAAA==[0mcompile-host-allocator-random:
     [echo] Compiling /var/lib/jenkins/workspace/junit-test/plugins/host-allocators/random/src
      [jar] Updating jar: /var/lib/jenkins/workspace/junit-test/target/jar/cloud-host-allocator-random.jar

[8mha:AAAAYB+LCAAAAAAAAABb85aBtbiIQT6jNKU4P0+vJLE4u1gvPjGvRM8xryQksSg9tcQvvyTVvqNr/s+Vl9uYGBgqihikoKqT8/OK83NS9ZwhNEghAwQwghQWAADROOumXQAAAA==[0mbuild:

[8mha:AAAAYB+LCAAAAAAAAABb85aBtbiIQT6jNKU4P0+vJLE4u1gvPjGvRM8xryQksSg9tcQvvyTVvqNr/s+Vl9uYGBgqihikoKqT8/OK83NS9ZwhNEghAwQwghQWAADROOumXQAAAA==[0mcompile-host-allocators:

[8mha:AAAAYB+LCAAAAAAAAABb85aBtbiIQT6jNKU4P0+vJLE4u1gvPjGvRM8xryQksSg9tcQvvyTVvqNr/s+Vl9uYGBgqihikoKqT8/OK83NS9ZwhNEghAwQwghQWAADROOumXQAAAA==[0mcompile-netscaler:
     [echo] build.dir=/var/lib/jenkins/workspace/junit-test/build; top.dir=/var/lib/jenkins/workspace/junit-test; netscaler.base.dir=/var/lib/jenkins/workspace/junit-test/plugins/network-elements/netscaler
     [echo] Using build parameters from /var/lib/jenkins/workspace/junit-test/build/build-cloud.properties
     [echo] Using company info from /var/lib/jenkins/workspace/junit-test/build/cloud.properties
     [echo] Using override file from /var/lib/jenkins/workspace/junit-test/build/replace.properties
     [echo] target.dir=/var/lib/jenkins/workspace/junit-test/target; top.dir=/var/lib/jenkins/workspace/junit-test
     [echo] target.dir=/var/lib/jenkins/workspace/junit-test/target; top.dir=/var/lib/jenkins/workspace/junit-test

[8mha:AAAAYB+LCAAAAAAAAABb85aBtbiIQT6jNKU4P0+vJLE4u1gvPjGvRM8xryQksSg9tcQvvyTVvqNr/s+Vl9uYGBgqihikoKqT8/OK83NS9ZwhNEghAwQwghQWAADROOumXQAAAA==[0minit:

[8mha:AAAAYB+LCAAAAAAAAABb85aBtbiIQT6jNKU4P0+vJLE4u1gvPjGvRM8xryQksSg9tcQvvyTVvqNr/s+Vl9uYGBgqihikoKqT8/OK83NS9ZwhNEghAwQwghQWAADROOumXQAAAA==[0mcompile-netscaler:
     [echo] Compiling /var/lib/jenkins/workspace/junit-test/plugins/network-elements/netscaler/src
      [jar] Updating jar: /var/lib/jenkins/workspace/junit-test/target/jar/cloud-plugin-netscaler.jar

[8mha:AAAAYB+LCAAAAAAAAABb85aBtbiIQT6jNKU4P0+vJLE4u1gvPjGvRM8xryQksSg9tcQvvyTVvqNr/s+Vl9uYGBgqihikoKqT8/OK83NS9ZwhNEghAwQwghQWAADROOumXQAAAA==[0mbuild:

[8mha:AAAAYB+LCAAAAAAAAABb85aBtbiIQT6jNKU4P0+vJLE4u1gvPjGvRM8xryQksSg9tcQvvyTVvqNr/s+Vl9uYGBgqihikoKqT8/OK83NS9ZwhNEghAwQwghQWAADROOumXQAAAA==[0mcompile-f5:
     [echo] build.dir=/var/lib/jenkins/workspace/junit-test/build; top.dir=/var/lib/jenkins/workspace/junit-test; f5.base.dir=/var/lib/jenkins/workspace/junit-test/plugins/network-elements/f5
     [echo] Using build parameters from /var/lib/jenkins/workspace/junit-test/build/build-cloud.properties
     [echo] Using company info from /var/lib/jenkins/workspace/junit-test/build/cloud.properties
     [echo] Using override file from /var/lib/jenkins/workspace/junit-test/build/replace.properties
     [echo] target.dir=/var/lib/jenkins/workspace/junit-test/target; top.dir=/var/lib/jenkins/workspace/junit-test
     [echo] target.dir=/var/lib/jenkins/workspace/junit-test/target; top.dir=/var/lib/jenkins/workspace/junit-test

[8mha:AAAAYB+LCAAAAAAAAABb85aBtbiIQT6jNKU4P0+vJLE4u1gvPjGvRM8xryQksSg9tcQvvyTVvqNr/s+Vl9uYGBgqihikoKqT8/OK83NS9ZwhNEghAwQwghQWAADROOumXQAAAA==[0minit:

[8mha:AAAAYB+LCAAAAAAAAABb85aBtbiIQT6jNKU4P0+vJLE4u1gvPjGvRM8xryQksSg9tcQvvyTVvqNr/s+Vl9uYGBgqihikoKqT8/OK83NS9ZwhNEghAwQwghQWAADROOumXQAAAA==[0mcompile-f5:
     [echo] Compiling /var/lib/jenkins/workspace/junit-test/plugins/network-elements/f5/src
      [jar] Updating jar: /var/lib/jenkins/workspace/junit-test/target/jar/cloud-plugin-f5.jar

[8mha:AAAAYB+LCAAAAAAAAABb85aBtbiIQT6jNKU4P0+vJLE4u1gvPjGvRM8xryQksSg9tcQvvyTVvqNr/s+Vl9uYGBgqihikoKqT8/OK83NS9ZwhNEghAwQwghQWAADROOumXQAAAA==[0mbuild:

[8mha:AAAAYB+LCAAAAAAAAABb85aBtbiIQT6jNKU4P0+vJLE4u1gvPjGvRM8xryQksSg9tcQvvyTVvqNr/s+Vl9uYGBgqihikoKqT8/OK83NS9ZwhNEghAwQwghQWAADROOumXQAAAA==[0mcompile-srx:
     [echo] build.dir=/var/lib/jenkins/workspace/junit-test/build; top.dir=/var/lib/jenkins/workspace/junit-test; srx.base.dir=/var/lib/jenkins/workspace/junit-test/plugins/network-elements/juniper-srx
     [echo] Using build parameters from /var/lib/jenkins/workspace/junit-test/build/build-cloud.properties
     [echo] Using company info from /var/lib/jenkins/workspace/junit-test/build/cloud.properties
     [echo] Using override file from /var/lib/jenkins/workspace/junit-test/build/replace.properties
     [echo] target.dir=/var/lib/jenkins/workspace/junit-test/target; top.dir=/var/lib/jenkins/workspace/junit-test
     [echo] target.dir=/var/lib/jenkins/workspace/junit-test/target; top.dir=/var/lib/jenkins/workspace/junit-test

[8mha:AAAAYB+LCAAAAAAAAABb85aBtbiIQT6jNKU4P0+vJLE4u1gvPjGvRM8xryQksSg9tcQvvyTVvqNr/s+Vl9uYGBgqihikoKqT8/OK83NS9ZwhNEghAwQwghQWAADROOumXQAAAA==[0minit:

[8mha:AAAAYB+LCAAAAAAAAABb85aBtbiIQT6jNKU4P0+vJLE4u1gvPjGvRM8xryQksSg9tcQvvyTVvqNr/s+Vl9uYGBgqihikoKqT8/OK83NS9ZwhNEghAwQwghQWAADROOumXQAAAA==[0mcompile-srx:
     [echo] Compiling /var/lib/jenkins/workspace/junit-test/plugins/network-elements/juniper-srx/src
      [jar] Updating jar: /var/lib/jenkins/workspace/junit-test/target/jar/cloud-plugin-srx.jar

[8mha:AAAAYB+LCAAAAAAAAABb85aBtbiIQT6jNKU4P0+vJLE4u1gvPjGvRM8xryQksSg9tcQvvyTVvqNr/s+Vl9uYGBgqihikoKqT8/OK83NS9ZwhNEghAwQwghQWAADROOumXQAAAA==[0mbuild:

[8mha:AAAAYB+LCAAAAAAAAABb85aBtbiIQT6jNKU4P0+vJLE4u1gvPjGvRM8xryQksSg9tcQvvyTVvqNr/s+Vl9uYGBgqihikoKqT8/OK83NS9ZwhNEghAwQwghQWAADROOumXQAAAA==[0mcompile-elb:
     [echo] build.dir=/var/lib/jenkins/workspace/junit-test/build; top.dir=/var/lib/jenkins/workspace/junit-test; elb.base.dir=/var/lib/jenkins/workspace/junit-test/plugins/network-elements/elastic-loadbalancer
     [echo] Using build parameters from /var/lib/jenkins/workspace/junit-test/build/build-cloud.properties
     [echo] Using company info from /var/lib/jenkins/workspace/junit-test/build/cloud.properties
     [echo] Using override file from /var/lib/jenkins/workspace/junit-test/build/replace.properties
     [echo] target.dir=/var/lib/jenkins/workspace/junit-test/target; top.dir=/var/lib/jenkins/workspace/junit-test
     [echo] target.dir=/var/lib/jenkins/workspace/junit-test/target; top.dir=/var/lib/jenkins/workspace/junit-test

[8mha:AAAAYB+LCAAAAAAAAABb85aBtbiIQT6jNKU4P0+vJLE4u1gvPjGvRM8xryQksSg9tcQvvyTVvqNr/s+Vl9uYGBgqihikoKqT8/OK83NS9ZwhNEghAwQwghQWAADROOumXQAAAA==[0minit:

[8mha:AAAAYB+LCAAAAAAAAABb85aBtbiIQT6jNKU4P0+vJLE4u1gvPjGvRM8xryQksSg9tcQvvyTVvqNr/s+Vl9uYGBgqihikoKqT8/OK83NS9ZwhNEghAwQwghQWAADROOumXQAAAA==[0mcompile-elb:
     [echo] Compiling /var/lib/jenkins/workspace/junit-test/plugins/network-elements/elastic-loadbalancer/src
      [jar] Updating jar: /var/lib/jenkins/workspace/junit-test/target/jar/cloud-plugin-elb.jar

[8mha:AAAAYB+LCAAAAAAAAABb85aBtbiIQT6jNKU4P0+vJLE4u1gvPjGvRM8xryQksSg9tcQvvyTVvqNr/s+Vl9uYGBgqihikoKqT8/OK83NS9ZwhNEghAwQwghQWAADROOumXQAAAA==[0mbuild:

[8mha:AAAAYB+LCAAAAAAAAABb85aBtbiIQT6jNKU4P0+vJLE4u1gvPjGvRM8xryQksSg9tcQvvyTVvqNr/s+Vl9uYGBgqihikoKqT8/OK83NS9ZwhNEghAwQwghQWAADROOumXQAAAA==[0mcompile-network-elements:

[8mha:AAAAYB+LCAAAAAAAAABb85aBtbiIQT6jNKU4P0+vJLE4u1gvPjGvRM8xryQksSg9tcQvvyTVvqNr/s+Vl9uYGBgqihikoKqT8/OK83NS9ZwhNEghAwQwghQWAADROOumXQAAAA==[0mcompile-user-authenticator-ldap:
     [echo] build.dir=/var/lib/jenkins/workspace/junit-test/build; top.dir=/var/lib/jenkins/workspace/junit-test; user-authenticator-ldap.base.dir=/var/lib/jenkins/workspace/junit-test/plugins/user-authenticators/ldap
     [echo] Using build parameters from /var/lib/jenkins/workspace/junit-test/build/build-cloud.properties
     [echo] Using company info from /var/lib/jenkins/workspace/junit-test/build/cloud.properties
     [echo] Using override file from /var/lib/jenkins/workspace/junit-test/build/replace.properties
     [echo] target.dir=/var/lib/jenkins/workspace/junit-test/target; top.dir=/var/lib/jenkins/workspace/junit-test
     [echo] target.dir=/var/lib/jenkins/workspace/junit-test/target; top.dir=/var/lib/jenkins/workspace/junit-test

[8mha:AAAAYB+LCAAAAAAAAABb85aBtbiIQT6jNKU4P0+vJLE4u1gvPjGvRM8xryQksSg9tcQvvyTVvqNr/s+Vl9uYGBgqihikoKqT8/OK83NS9ZwhNEghAwQwghQWAADROOumXQAAAA==[0minit:

[8mha:AAAAYB+LCAAAAAAAAABb85aBtbiIQT6jNKU4P0+vJLE4u1gvPjGvRM8xryQksSg9tcQvvyTVvqNr/s+Vl9uYGBgqihikoKqT8/OK83NS9ZwhNEghAwQwghQWAADROOumXQAAAA==[0mcompile-user-authenticator-ldap:
     [echo] Compiling /var/lib/jenkins/workspace/junit-test/plugins/user-authenticators/ldap/src
      [jar] Updating jar: /var/lib/jenkins/workspace/junit-test/target/jar/cloud-user-authenticator-ldap.jar

[8mha:AAAAYB+LCAAAAAAAAABb85aBtbiIQT6jNKU4P0+vJLE4u1gvPjGvRM8xryQksSg9tcQvvyTVvqNr/s+Vl9uYGBgqihikoKqT8/OK83NS9ZwhNEghAwQwghQWAADROOumXQAAAA==[0mbuild:

[8mha:AAAAYB+LCAAAAAAAAABb85aBtbiIQT6jNKU4P0+vJLE4u1gvPjGvRM8xryQksSg9tcQvvyTVvqNr/s+Vl9uYGBgqihikoKqT8/OK83NS9ZwhNEghAwQwghQWAADROOumXQAAAA==[0mcompile-user-authenticator-md5:
     [echo] build.dir=/var/lib/jenkins/workspace/junit-test/build; top.dir=/var/lib/jenkins/workspace/junit-test; user-authenticator-md5.base.dir=/var/lib/jenkins/workspace/junit-test/plugins/user-authenticators/md5
     [echo] Using build parameters from /var/lib/jenkins/workspace/junit-test/build/build-cloud.properties
     [echo] Using company info from /var/lib/jenkins/workspace/junit-test/build/cloud.properties
     [echo] Using override file from /var/lib/jenkins/workspace/junit-test/build/replace.properties
     [echo] target.dir=/var/lib/jenkins/workspace/junit-test/target; top.dir=/var/lib/jenkins/workspace/junit-test
     [echo] target.dir=/var/lib/jenkins/workspace/junit-test/target; top.dir=/var/lib/jenkins/workspace/junit-test

[8mha:AAAAYB+LCAAAAAAAAABb85aBtbiIQT6jNKU4P0+vJLE4u1gvPjGvRM8xryQksSg9tcQvvyTVvqNr/s+Vl9uYGBgqihikoKqT8/OK83NS9ZwhNEghAwQwghQWAADROOumXQAAAA==[0minit:

[8mha:AAAAYB+LCAAAAAAAAABb85aBtbiIQT6jNKU4P0+vJLE4u1gvPjGvRM8xryQksSg9tcQvvyTVvqNr/s+Vl9uYGBgqihikoKqT8/OK83NS9ZwhNEghAwQwghQWAADROOumXQAAAA==[0mcompile-user-authenticator-md5:
     [echo] Compiling /var/lib/jenkins/workspace/junit-test/plugins/user-authenticators/md5/src
      [jar] Updating jar: /var/lib/jenkins/workspace/junit-test/target/jar/cloud-user-authenticator-md5.jar

[8mha:AAAAYB+LCAAAAAAAAABb85aBtbiIQT6jNKU4P0+vJLE4u1gvPjGvRM8xryQksSg9tcQvvyTVvqNr/s+Vl9uYGBgqihikoKqT8/OK83NS9ZwhNEghAwQwghQWAADROOumXQAAAA==[0mbuild:

[8mha:AAAAYB+LCAAAAAAAAABb85aBtbiIQT6jNKU4P0+vJLE4u1gvPjGvRM8xryQksSg9tcQvvyTVvqNr/s+Vl9uYGBgqihikoKqT8/OK83NS9ZwhNEghAwQwghQWAADROOumXQAAAA==[0mcompile-user-authenticator-plaintext:
     [echo] build.dir=/var/lib/jenkins/workspace/junit-test/build; top.dir=/var/lib/jenkins/workspace/junit-test; user-authenticator-plaintext.base.dir=/var/lib/jenkins/workspace/junit-test/plugins/user-authenticators/plain-text
     [echo] Using build parameters from /var/lib/jenkins/workspace/junit-test/build/build-cloud.properties
     [echo] Using company info from /var/lib/jenkins/workspace/junit-test/build/cloud.properties
     [echo] Using override file from /var/lib/jenkins/workspace/junit-test/build/replace.properties
     [echo] target.dir=/var/lib/jenkins/workspace/junit-test/target; top.dir=/var/lib/jenkins/workspace/junit-test
     [echo] target.dir=/var/lib/jenkins/workspace/junit-test/target; top.dir=/var/lib/jenkins/workspace/junit-test

[8mha:AAAAYB+LCAAAAAAAAABb85aBtbiIQT6jNKU4P0+vJLE4u1gvPjGvRM8xryQksSg9tcQvvyTVvqNr/s+Vl9uYGBgqihikoKqT8/OK83NS9ZwhNEghAwQwghQWAADROOumXQAAAA==[0minit:

[8mha:AAAAYB+LCAAAAAAAAABb85aBtbiIQT6jNKU4P0+vJLE4u1gvPjGvRM8xryQksSg9tcQvvyTVvqNr/s+Vl9uYGBgqihikoKqT8/OK83NS9ZwhNEghAwQwghQWAADROOumXQAAAA==[0mcompile-user-authenticator-plaintext:
     [echo] Compiling /var/lib/jenkins/workspace/junit-test/plugins/user-authenticators/plain-text/src
      [jar] Updating jar: /var/lib/jenkins/workspace/junit-test/target/jar/cloud-user-authenticator-plaintext.jar

[8mha:AAAAYB+LCAAAAAAAAABb85aBtbiIQT6jNKU4P0+vJLE4u1gvPjGvRM8xryQksSg9tcQvvyTVvqNr/s+Vl9uYGBgqihikoKqT8/OK83NS9ZwhNEghAwQwghQWAADROOumXQAAAA==[0mbuild:

[8mha:AAAAYB+LCAAAAAAAAABb85aBtbiIQT6jNKU4P0+vJLE4u1gvPjGvRM8xryQksSg9tcQvvyTVvqNr/s+Vl9uYGBgqihikoKqT8/OK83NS9ZwhNEghAwQwghQWAADROOumXQAAAA==[0mcompile-user-authenticators:

[8mha:AAAAYB+LCAAAAAAAAABb85aBtbiIQT6jNKU4P0+vJLE4u1gvPjGvRM8xryQksSg9tcQvvyTVvqNr/s+Vl9uYGBgqihikoKqT8/OK83NS9ZwhNEghAwQwghQWAADROOumXQAAAA==[0mcompile-storage-allocator-random:
     [echo] build.dir=/var/lib/jenkins/workspace/junit-test/build; top.dir=/var/lib/jenkins/workspace/junit-test; storage-allocator-random.base.dir=/var/lib/jenkins/workspace/junit-test/plugins/storage-allocators/random
     [echo] Using build parameters from /var/lib/jenkins/workspace/junit-test/build/build-cloud.properties
     [echo] Using company info from /var/lib/jenkins/workspace/junit-test/build/cloud.properties
     [echo] Using override file from /var/lib/jenkins/workspace/junit-test/build/replace.properties
     [echo] target.dir=/var/lib/jenkins/workspace/junit-test/target; top.dir=/var/lib/jenkins/workspace/junit-test
     [echo] target.dir=/var/lib/jenkins/workspace/junit-test/target; top.dir=/var/lib/jenkins/workspace/junit-test

[8mha:AAAAYB+LCAAAAAAAAABb85aBtbiIQT6jNKU4P0+vJLE4u1gvPjGvRM8xryQksSg9tcQvvyTVvqNr/s+Vl9uYGBgqihikoKqT8/OK83NS9ZwhNEghAwQwghQWAADROOumXQAAAA==[0minit:

[8mha:AAAAYB+LCAAAAAAAAABb85aBtbiIQT6jNKU4P0+vJLE4u1gvPjGvRM8xryQksSg9tcQvvyTVvqNr/s+Vl9uYGBgqihikoKqT8/OK83NS9ZwhNEghAwQwghQWAADROOumXQAAAA==[0mcompile-storage-allocator-random:
     [echo] Compiling /var/lib/jenkins/workspace/junit-test/plugins/storage-allocators/random/src
      [jar] Updating jar: /var/lib/jenkins/workspace/junit-test/target/jar/cloud-storage-allocator-random.jar

[8mha:AAAAYB+LCAAAAAAAAABb85aBtbiIQT6jNKU4P0+vJLE4u1gvPjGvRM8xryQksSg9tcQvvyTVvqNr/s+Vl9uYGBgqihikoKqT8/OK83NS9ZwhNEghAwQwghQWAADROOumXQAAAA==[0mbuild:

[8mha:AAAAYB+LCAAAAAAAAABb85aBtbiIQT6jNKU4P0+vJLE4u1gvPjGvRM8xryQksSg9tcQvvyTVvqNr/s+Vl9uYGBgqihikoKqT8/OK83NS9ZwhNEghAwQwghQWAADROOumXQAAAA==[0mcompile-storage-allocators:

[8mha:AAAAYB+LCAAAAAAAAABb85aBtbiIQT6jNKU4P0+vJLE4u1gvPjGvRM8xryQksSg9tcQvvyTVvqNr/s+Vl9uYGBgqihikoKqT8/OK83NS9ZwhNEghAwQwghQWAADROOumXQAAAA==[0mcompile-netapp:
     [echo] build.dir=/var/lib/jenkins/workspace/junit-test/build; top.dir=/var/lib/jenkins/workspace/junit-test; netapp.base.dir=/var/lib/jenkins/workspace/junit-test/plugins/file-systems/netapp
     [echo] Using build parameters from /var/lib/jenkins/workspace/junit-test/build/build-cloud.properties
     [echo] Using company info from /var/lib/jenkins/workspace/junit-test/build/cloud.properties
     [echo] Using override file from /var/lib/jenkins/workspace/junit-test/build/replace.properties
     [echo] target.dir=/var/lib/jenkins/workspace/junit-test/target; top.dir=/var/lib/jenkins/workspace/junit-test
     [echo] target.dir=/var/lib/jenkins/workspace/junit-test/target; top.dir=/var/lib/jenkins/workspace/junit-test

[8mha:AAAAYB+LCAAAAAAAAABb85aBtbiIQT6jNKU4P0+vJLE4u1gvPjGvRM8xryQksSg9tcQvvyTVvqNr/s+Vl9uYGBgqihikoKqT8/OK83NS9ZwhNEghAwQwghQWAADROOumXQAAAA==[0minit:

[8mha:AAAAYB+LCAAAAAAAAABb85aBtbiIQT6jNKU4P0+vJLE4u1gvPjGvRM8xryQksSg9tcQvvyTVvqNr/s+Vl9uYGBgqihikoKqT8/OK83NS9ZwhNEghAwQwghQWAADROOumXQAAAA==[0mcompile-netapp:
     [echo] Compiling /var/lib/jenkins/workspace/junit-test/plugins/file-systems/netapp/src
      [jar] Updating jar: /var/lib/jenkins/workspace/junit-test/target/jar/cloud-plugin-netapp.jar

[8mha:AAAAYB+LCAAAAAAAAABb85aBtbiIQT6jNKU4P0+vJLE4u1gvPjGvRM8xryQksSg9tcQvvyTVvqNr/s+Vl9uYGBgqihikoKqT8/OK83NS9ZwhNEghAwQwghQWAADROOumXQAAAA==[0mbuild:

[8mha:AAAAYB+LCAAAAAAAAABb85aBtbiIQT6jNKU4P0+vJLE4u1gvPjGvRM8xryQksSg9tcQvvyTVvqNr/s+Vl9uYGBgqihikoKqT8/OK83NS9ZwhNEghAwQwghQWAADROOumXQAAAA==[0mcompile-file-systems:

[8mha:AAAAYB+LCAAAAAAAAABb85aBtbiIQT6jNKU4P0+vJLE4u1gvPjGvRM8xryQksSg9tcQvvyTVvqNr/s+Vl9uYGBgqihikoKqT8/OK83NS9ZwhNEghAwQwghQWAADROOumXQAAAA==[0mcompile-plugins:

[8mha:AAAAYB+LCAAAAAAAAABb85aBtbiIQT6jNKU4P0+vJLE4u1gvPjGvRM8xryQksSg9tcQvvyTVvqNr/s+Vl9uYGBgqihikoKqT8/OK83NS9ZwhNEghAwQwghQWAADROOumXQAAAA==[0mcompile-all:

[8mha:AAAAYB+LCAAAAAAAAABb85aBtbiIQT6jNKU4P0+vJLE4u1gvPjGvRM8xryQksSg9tcQvvyTVvqNr/s+Vl9uYGBgqihikoKqT8/OK83NS9ZwhNEghAwQwghQWAADROOumXQAAAA==[0mcompile-tests:
     [echo] Compiling /var/lib/jenkins/workspace/junit-test/utils/test
     [echo] Compiling /var/lib/jenkins/workspace/junit-test/server/test

[8mha:AAAAYB+LCAAAAAAAAABb85aBtbiIQT6jNKU4P0+vJLE4u1gvPjGvRM8xryQksSg9tcQvvyTVvqNr/s+Vl9uYGBgqihikoKqT8/OK83NS9ZwhNEghAwQwghQWAADROOumXQAAAA==[0munittest:
    [junit] WARNING: multiple versions of ant detected in path for junit 
    [junit]          jar:file:/usr/share/java/ant.jar!/org/apache/tools/ant/Project.class
    [junit]      and jar:file:/var/lib/jenkins/workspace/junit-test/tools/tooljars/cloud-selenium-java-client-driver.jar!/org/apache/tools/ant/Project.class
    [junit] Listening for transport dt_socket at address: 8787
    [junit] Running com.cloud.utils.db.ElementCollectionTest
    [junit] Tests run: 1, Failures: 0, Errors: 0, Time elapsed: 0.026 sec
    [junit] Listening for transport dt_socket at address: 8787
    [junit] 2012-07-06 12:27:29,803 WARN  [db.Transaction.Transaction] (main:) Unable to load db configuration, using defaults with 5 connections.  Please check your configuration
    [junit] java.lang.NullPointerException
    [junit] 	at java.io.FileInputStream.<init>(FileInputStream.java:133)
    [junit] 	at com.cloud.utils.db.Transaction.<clinit>(Transaction.java:967)
    [junit] 	at com.cloud.utils.db.Merovingian2.<init>(Merovingian2.java:68)
    [junit] 	at com.cloud.utils.db.Merovingian2.createLockMaster(Merovingian2.java:80)
    [junit] 	at com.cloud.utils.db.Merovingian2Test.<init>(Merovingian2Test.java:29)
    [junit] 	at sun.reflect.NativeConstructorAccessorImpl.newInstance0(Native Method)
    [junit] 	at sun.reflect.NativeConstructorAccessorImpl.newInstance(NativeConstructorAccessorImpl.java:57)
    [junit] 	at sun.reflect.DelegatingConstructorAccessorImpl.newInstance(DelegatingConstructorAccessorImpl.java:45)
    [junit] 	at java.lang.reflect.Constructor.newInstance(Constructor.java:532)
    [junit] 	at junit.framework.TestSuite.createTest(TestSuite.java:61)
    [junit] 	at junit.framework.TestSuite.addTestMethod(TestSuite.java:283)
    [junit] 	at junit.framework.TestSuite.<init>(TestSuite.java:146)
    [junit] 	at org.apache.tools.ant.taskdefs.optional.junit.JUnitTestRunner.run(JUnitTestRunner.java:484)
    [junit] 	at org.apache.tools.ant.taskdefs.optional.junit.JUnitTestRunner.launch(JUnitTestRunner.java:1052)
    [junit] 	at org.apache.tools.ant.taskdefs.optional.junit.JUnitTestRunner.main(JUnitTestRunner.java:906)
    [junit] 2012-07-06 12:27:30,230 ERROR [utils.db.Merovingian2] (main:) Unable to get a new db connection
    [junit] com.mysql.jdbc.exceptions.jdbc4.MySQLSyntaxErrorException: Unknown database 'cloud'
    [junit] 	at sun.reflect.NativeConstructorAccessorImpl.newInstance0(Native Method)
    [junit] 	at sun.reflect.NativeConstructorAccessorImpl.newInstance(NativeConstructorAccessorImpl.java:57)
    [junit] 	at sun.reflect.DelegatingConstructorAccessorImpl.newInstance(DelegatingConstructorAccessorImpl.java:45)
    [junit] 	at java.lang.reflect.Constructor.newInstance(Constructor.java:532)
    [junit] 	at com.mysql.jdbc.Util.handleNewInstance(Util.java:406)
    [junit] 	at com.mysql.jdbc.Util.getInstance(Util.java:381)
    [junit] 	at com.mysql.jdbc.SQLError.createSQLException(SQLError.java:1030)
    [junit] 	at com.mysql.jdbc.SQLError.createSQLException(SQLError.java:956)
    [junit] 	at com.mysql.jdbc.MysqlIO.checkErrorPacket(MysqlIO.java:3515)
    [junit] 	at com.mysql.jdbc.MysqlIO.checkErrorPacket(MysqlIO.java:3447)
    [junit] 	at com.mysql.jdbc.MysqlIO.checkErrorPacket(MysqlIO.java:911)
    [junit] 	at com.mysql.jdbc.MysqlIO.secureAuth411(MysqlIO.java:3953)
    [junit] 	at com.mysql.jdbc.MysqlIO.doHandshake(MysqlIO.java:1276)
    [junit] 	at com.mysql.jdbc.ConnectionImpl.createNewIO(ConnectionImpl.java:2048)
    [junit] 	at com.mysql.jdbc.ConnectionImpl.<init>(ConnectionImpl.java:723)
    [junit] 	at com.mysql.jdbc.JDBC4Connection.<init>(JDBC4Connection.java:46)
    [junit] 	at sun.reflect.NativeConstructorAccessorImpl.newInstance0(Native Method)
    [junit] 	at sun.reflect.NativeConstructorAccessorImpl.newInstance(NativeConstructorAccessorImpl.java:57)
    [junit] 	at sun.reflect.DelegatingConstructorAccessorImpl.newInstance(DelegatingConstructorAccessorImpl.java:45)
    [junit] 	at java.lang.reflect.Constructor.newInstance(Constructor.java:532)
    [junit] 	at com.mysql.jdbc.Util.handleNewInstance(Util.java:406)
    [junit] 	at com.mysql.jdbc.ConnectionImpl.getInstance(ConnectionImpl.java:302)
    [junit] 	at com.mysql.jdbc.NonRegisteringDriver.connect(NonRegisteringDriver.java:282)
    [junit] 	at java.sql.DriverManager.getConnection(DriverManager.java:620)
    [junit] 	at java.sql.DriverManager.getConnection(DriverManager.java:200)
    [junit] 	at org.apache.commons.dbcp.DriverManagerConnectionFactory.createConnection(DriverManagerConnectionFactory.java:75)
    [junit] 	at org.apache.commons.dbcp.PoolableConnectionFactory.makeObject(PoolableConnectionFactory.java:582)
    [junit] 	at org.apache.commons.pool.impl.GenericObjectPool.borrowObject(GenericObjectPool.java:1181)
    [junit] 	at org.apache.commons.dbcp.PoolingDataSource.getConnection(PoolingDataSource.java:106)
    [junit] 	at com.cloud.utils.db.Transaction.getStandaloneConnectionWithException(Transaction.java:198)
    [junit] 	at com.cloud.utils.db.Merovingian2.<init>(Merovingian2.java:68)
    [junit] 	at com.cloud.utils.db.Merovingian2.createLockMaster(Merovingian2.java:80)
    [junit] 	at com.cloud.utils.db.Merovingian2Test.<init>(Merovingian2Test.java:29)
    [junit] 	at sun.reflect.NativeConstructorAccessorImpl.newInstance0(Native Method)
    [junit] 	at sun.reflect.NativeConstructorAccessorImpl.newInstance(NativeConstructorAccessorImpl.java:57)
    [junit] 	at sun.reflect.DelegatingConstructorAccessorImpl.newInstance(DelegatingConstructorAccessorImpl.java:45)
    [junit] 	at java.lang.reflect.Constructor.newInstance(Constructor.java:532)
    [junit] 	at junit.framework.TestSuite.createTest(TestSuite.java:61)
    [junit] 	at junit.framework.TestSuite.addTestMethod(TestSuite.java:283)
    [junit] 	at junit.framework.TestSuite.<init>(TestSuite.java:146)
    [junit] 	at org.apache.tools.ant.taskdefs.optional.junit.JUnitTestRunner.run(JUnitTestRunner.java:484)
    [junit] 	at org.apache.tools.ant.taskdefs.optional.junit.JUnitTestRunner.launch(JUnitTestRunner.java:1052)
    [junit] 	at org.apache.tools.ant.taskdefs.optional.junit.JUnitTestRunner.main(JUnitTestRunner.java:906)
    [junit] Running com.cloud.utils.db.Merovingian2Test
    [junit] Tests run: 1, Failures: 1, Errors: 0, Time elapsed: 0.042 sec
    [junit] Test com.cloud.utils.db.Merovingian2Test FAILED
    [junit] Listening for transport dt_socket at address: 8787
    [junit] Running com.cloud.utils.db.QueryBuilderTest
    [junit] 2012-07-06 12:27:33,469 TRACE [utils.db.GenericDaoBase] (main:) Select SQL: SELECT test.id, test.int, test.long, test.string FROM test WHERE 
    [junit] 2012-07-06 12:27:33,494 TRACE [utils.db.GenericDaoBase] (main:) Remove SQL: No remove sql
    [junit] 2012-07-06 12:27:33,494 TRACE [utils.db.GenericDaoBase] (main:) Select by Id SQL: SELECT test.id, test.int, test.long, test.string FROM test WHERE test.id = ? 
    [junit] 2012-07-06 12:27:33,494 TRACE [utils.db.GenericDaoBase] (main:) Table References: test
    [junit] 2012-07-06 12:27:33,494 TRACE [utils.db.GenericDaoBase] (main:) Insert SQLs:
    [junit] 2012-07-06 12:27:33,494 TRACE [utils.db.GenericDaoBase] (main:) INSERT INTO test (test.int, test.long, test.string) VALUES (?, ?, ?)
    [junit] 2012-07-06 12:27:33,494 TRACE [utils.db.GenericDaoBase] (main:) Delete SQLs
    [junit] 2012-07-06 12:27:33,494 TRACE [utils.db.GenericDaoBase] (main:) DELETE FROM test WHERE test.id= ?
    [junit] 2012-07-06 12:27:33,494 TRACE [utils.db.GenericDaoBase] (main:) Collection SQLs
    [junit] 2012-07-06 12:27:33,495 TRACE [utils.db.GenericDaoBase] (main:) Select SQL: SELECT test.id, test.int, test.long, test.string FROM test WHERE 
    [junit] 2012-07-06 12:27:33,495 TRACE [utils.db.GenericDaoBase] (main:) Remove SQL: No remove sql
    [junit] 2012-07-06 12:27:33,495 TRACE [utils.db.GenericDaoBase] (main:) Select by Id SQL: SELECT test.id, test.int, test.long, test.string FROM test WHERE test.id = ? 
    [junit] 2012-07-06 12:27:33,495 TRACE [utils.db.GenericDaoBase] (main:) Table References: test
    [junit] 2012-07-06 12:27:33,495 TRACE [utils.db.GenericDaoBase] (main:) Insert SQLs:
    [junit] 2012-07-06 12:27:33,495 TRACE [utils.db.GenericDaoBase] (main:) INSERT INTO test (test.int, test.long, test.string) VALUES (?, ?, ?)
    [junit] 2012-07-06 12:27:33,495 TRACE [utils.db.GenericDaoBase] (main:) Delete SQLs
    [junit] 2012-07-06 12:27:33,496 TRACE [utils.db.GenericDaoBase] (main:) DELETE FROM test WHERE test.id= ?
    [junit] 2012-07-06 12:27:33,496 TRACE [utils.db.GenericDaoBase] (main:) Collection SQLs
    [junit] Tests run: 1, Failures: 0, Errors: 0, Time elapsed: 1.08 sec
    [junit] Listening for transport dt_socket at address: 8787
    [junit] Running com.cloud.utils.log.CglibThrowableRendererTest
    [junit] 2012-07-06 12:27:36,888 WARN  [db.Transaction.Transaction] (main:) Unable to load db configuration, using defaults with 5 connections.  Please check your configuration
    [junit] java.lang.NullPointerException
    [junit] 	at java.io.FileInputStream.<init>(FileInputStream.java:133)
    [junit] 	at com.cloud.utils.db.Transaction.<clinit>(Transaction.java:967)
    [junit] 	at com.cloud.utils.db.DatabaseCallback.interceptStart(DatabaseCallback.java:66)
    [junit] 	at com.cloud.utils.db.DatabaseCallback.intercept(DatabaseCallback.java:32)
    [junit] 	at com.cloud.utils.log.CglibThrowableRendererTest.testException(CglibThrowableRendererTest.java:55)
    [junit] 	at sun.reflect.NativeMethodAccessorImpl.invoke0(Native Method)
    [junit] 	at sun.reflect.NativeMethodAccessorImpl.invoke(NativeMethodAccessorImpl.java:57)
    [junit] 	at sun.reflect.DelegatingMethodAccessorImpl.invoke(DelegatingMethodAccessorImpl.java:43)
    [junit] 	at java.lang.reflect.Method.invoke(Method.java:616)
    [junit] 	at junit.framework.TestCase.runTest(TestCase.java:168)
    [junit] 	at junit.framework.TestCase.runBare(TestCase.java:134)
    [junit] 	at junit.framework.TestResult$1.protect(TestResult.java:110)
    [junit] 	at junit.framework.TestResult.runProtected(TestResult.java:128)
    [junit] 	at junit.framework.TestResult.run(TestResult.java:113)
    [junit] 	at junit.framework.TestCase.run(TestCase.java:124)
    [junit] 	at junit.framework.TestSuite.runTest(TestSuite.java:232)
    [junit] 	at junit.framework.TestSuite.run(TestSuite.java:227)
    [junit] 	at org.apache.tools.ant.taskdefs.optional.junit.JUnitTestRunner.run(JUnitTestRunner.java:518)
    [junit] 	at org.apache.tools.ant.taskdefs.optional.junit.JUnitTestRunner.launch(JUnitTestRunner.java:1052)
    [junit] 	at org.apache.tools.ant.taskdefs.optional.junit.JUnitTestRunner.main(JUnitTestRunner.java:906)
    [junit] 2012-07-06 12:27:36,890 TRACE [db.Transaction.Transaction] (main:) Creating the transaction: exception
    [junit] 2012-07-06 12:27:36,890 TRACE [db.Transaction.Transaction] (main:) Took over the transaction: exception
    [junit] 2012-07-06 12:27:36,969 TRACE [db.Transaction.Transaction] (main:) Using current transaction: exception : exception, 
    [junit] 2012-07-06 12:27:36,990 TRACE [db.Transaction.Transaction] (main:) Transaction is done
    [junit] 2012-07-06 12:27:36,992 WARN  [utils.log.CglibThrowableRendererTest] (main:) exception caught
    [junit] com.cloud.utils.exception.CloudRuntimeException: exception
    [junit] 	at com.cloud.utils.log.CglibThrowableRendererTest$Test.exception(CglibThrowableRendererTest.java:47)
    [junit] 	at com.cloud.utils.db.DatabaseCallback.intercept(DatabaseCallback.java:34)
    [junit] 	at com.cloud.utils.log.CglibThrowableRendererTest.testException(CglibThrowableRendererTest.java:55)
    [junit] 	at sun.reflect.NativeMethodAccessorImpl.invoke0(Native Method)
    [junit] 	at sun.reflect.NativeMethodAccessorImpl.invoke(NativeMethodAccessorImpl.java:57)
    [junit] 	at sun.reflect.DelegatingMethodAccessorImpl.invoke(DelegatingMethodAccessorImpl.java:43)
    [junit] 	at java.lang.reflect.Method.invoke(Method.java:616)
    [junit] 	at junit.framework.TestCase.runTest(TestCase.java:168)
    [junit] 	at junit.framework.TestCase.runBare(TestCase.java:134)
    [junit] 	at junit.framework.TestResult$1.protect(TestResult.java:110)
    [junit] 	at junit.framework.TestResult.runProtected(TestResult.java:128)
    [junit] 	at junit.framework.TestResult.run(TestResult.java:113)
    [junit] 	at junit.framework.TestCase.run(TestCase.java:124)
    [junit] 	at junit.framework.TestSuite.runTest(TestSuite.java:232)
    [junit] 	at junit.framework.TestSuite.run(TestSuite.java:227)
    [junit] 	at org.apache.tools.ant.taskdefs.optional.junit.JUnitTestRunner.run(JUnitTestRunner.java:518)
    [junit] 	at org.apache.tools.ant.taskdefs.optional.junit.JUnitTestRunner.launch(JUnitTestRunner.java:1052)
    [junit] 	at org.apache.tools.ant.taskdefs.optional.junit.JUnitTestRunner.main(JUnitTestRunner.java:906)
    [junit] Caused by: com.cloud.utils.exception.CloudRuntimeException: exception2
    [junit] 	at com.cloud.utils.log.CglibThrowableRendererTest$Test.exception2(CglibThrowableRendererTest.java:39)
    [junit] 	at com.cloud.utils.log.CglibThrowableRendererTest$Test.exception(CglibThrowableRendererTest.java:45)
    [junit] 	... 21 more
    [junit] Caused by: java.lang.IllegalArgumentException: What a bad exception
    [junit] 	at com.cloud.utils.log.CglibThrowableRendererTest$Test.exception1(CglibThrowableRendererTest.java:33)
    [junit] 	at com.cloud.utils.db.DatabaseCallback.intercept(DatabaseCallback.java:34)
    [junit] 	at com.cloud.utils.log.CglibThrowableRendererTest$Test.exception2(CglibThrowableRendererTest.java:37)
    [junit] 	... 22 more
    [junit] Tests run: 1, Failures: 0, Errors: 0, Time elapsed: 0.547 sec
    [junit] Listening for transport dt_socket at address: 8787
    [junit] Running com.cloud.utils.net.NetUtilsTest
    [junit] Tests run: 1, Failures: 1, Errors: 0, Time elapsed: 0.633 sec
    [junit] Test com.cloud.utils.net.NetUtilsTest FAILED
    [junit] Listening for transport dt_socket at address: 8787
    [junit] Running com.cloud.utils.testcase.NioTest
    [junit] 2012-07-06 12:27:42,732 INFO  [utils.testcase.NioTest] (main:) Test
    [junit] 2012-07-06 12:27:42,812 INFO  [utils.nio.NioServer] (NioTestServer-Selector:) NioConnection started and listening on 0.0.0.0/0.0.0.0:7777
    [junit] 2012-07-06 12:27:42,842 INFO  [utils.nio.NioClient] (NioTestServer-Selector:) Connecting to 127.0.0.1:7777
    [junit] 2012-07-06 12:27:42,843 TRACE [utils.nio.NioConnection] (NioTestServer-Selector:) Keys Processing: 1
    [junit] 2012-07-06 12:27:42,845 TRACE [utils.nio.NioConnection] (NioTestServer-Selector:) Connection accepted for Socket[addr=/127.0.0.1,port=52646,localport=7777]
    [junit] 2012-07-06 12:27:42,904 TRACE [utils.nio.NioConnection] (NioTestServer-Selector:) Socket Socket[addr=/127.0.0.1,port=52646,localport=7777] closed on read.  Probably -1 returned: null
    [junit] 2012-07-06 12:27:42,904 TRACE [utils.nio.NioConnection] (NioTestServer-Selector:) Keys Done Processing.
    [junit] 2012-07-06 12:27:42,918 TRACE [utils.nio.Link] (NioTestServer-Selector:) SSL: SSLcontext has been initialized
    [junit] 2012-07-06 12:27:43,020 TRACE [utils.nio.Link] (NioTestServer-Selector:) SSL: begin Handshake, isClient: true
    [junit] 2012-07-06 12:27:43,021 TRACE [utils.nio.Link] (NioTestServer-Selector:) SSL: Handshake status NEED_WRAP
    [junit] 2012-07-06 12:27:43,026 TRACE [utils.nio.Link] (NioTestServer-Selector:) SSL: Handshake status NEED_UNWRAP
    [junit] 2012-07-06 12:27:43,026 ERROR [utils.nio.NioConnection] (NioTestServer-Selector:) Unable to initialize the threads.
    [junit] java.io.IOException: SSL: Fail to init SSL! java.io.IOException: Connection closed with -1 on reading size.
    [junit] 	at com.cloud.utils.nio.NioClient.init(NioClient.java:83)
    [junit] 	at com.cloud.utils.nio.NioConnection.run(NioConnection.java:108)
    [junit] 	at java.lang.Thread.run(Thread.java:679)
Build was aborted
Aborted by [8mha:AAAAjB+LCAAAAAAAAABb85aBtbiIQSajNKU4P08vOT+vOD8nVc+jsiC1KCczL9svvyT1dMUiOWdZ/mImBiZPBrac1Lz0kgwfBubSopwSBiGfrMSyRP2cxLx0/eCSosy8dOuKIgYpNOOcITTIMAYIYGRiYKgoADLYShh49EuLU4v0s1NNCgsLAaqaTTuRAAAA[0mke4qqq
Recording test results
None of the test reports contained any result
Finished: ABORTED
